<?xml version="1.0" encoding="UTF-8"?>
<testng-results ignored="0" total="23" passed="23" failed="0" skipped="0">
  <reporter-output>
  </reporter-output>
  <suite started-at="2025-09-07T18:25:48 IST" name="SauceDemo Test Suite" finished-at="2025-09-07T18:28:16 IST" duration-ms="148037">
    <groups>
    </groups>
    <test started-at="2025-09-07T18:25:48 IST" name="UI Tests" finished-at="2025-09-07T18:28:16 IST" duration-ms="148037">
      <class name="com.saucedemo.tests.TestSortingProductPage">
        <test-method is-config="true" signature="setUp(java.lang.String,java.lang.reflect.Method)[pri:0, instance:com.saucedemo.tests.TestSortingProductPage@291caca8]" started-at="2025-09-07T18:27:20 IST" name="setUp" finished-at="2025-09-07T18:27:21 IST" duration-ms="1046" status="PASS">
          <params>
            <param index="0">
              <value>
                <![CDATA[chrome]]>
              </value>
            </param>
            <param index="1">
              <value>
                <![CDATA[public void com.saucedemo.tests.TestSortingProductPage.sortByNameAtoZ()]]>
              </value>
            </param>
          </params>
          <reporter-output>
          </reporter-output>
        </test-method> <!-- setUp -->
        <test-method signature="sortByNameAtoZ()[pri:0, instance:com.saucedemo.tests.TestSortingProductPage@291caca8]" started-at="2025-09-07T18:27:21 IST" name="sortByNameAtoZ" finished-at="2025-09-07T18:27:25 IST" duration-ms="3937" status="PASS">
          <reporter-output>
          </reporter-output>
        </test-method> <!-- sortByNameAtoZ -->
        <test-method is-config="true" signature="tearDown(org.testng.ITestResult)[pri:0, instance:com.saucedemo.tests.TestSortingProductPage@291caca8]" started-at="2025-09-07T18:27:25 IST" name="tearDown" finished-at="2025-09-07T18:27:26 IST" duration-ms="1162" status="PASS">
          <params>
            <param index="0">
              <value>
                <![CDATA[[TestResult name=sortByNameAtoZ status=SUCCESS method=TestSortingProductPage.sortByNameAtoZ()[pri:0, instance:com.saucedemo.tests.TestSortingProductPage@291caca8] output={null}]]]>
              </value>
            </param>
          </params>
          <reporter-output>
          </reporter-output>
        </test-method> <!-- tearDown -->
        <test-method is-config="true" signature="setUp(java.lang.String,java.lang.reflect.Method)[pri:0, instance:com.saucedemo.tests.TestSortingProductPage@291caca8]" started-at="2025-09-07T18:27:26 IST" name="setUp" finished-at="2025-09-07T18:27:27 IST" duration-ms="1122" status="PASS">
          <params>
            <param index="0">
              <value>
                <![CDATA[chrome]]>
              </value>
            </param>
            <param index="1">
              <value>
                <![CDATA[public void com.saucedemo.tests.TestSortingProductPage.sortByNameZtoA()]]>
              </value>
            </param>
          </params>
          <reporter-output>
          </reporter-output>
        </test-method> <!-- setUp -->
        <test-method signature="sortByNameZtoA()[pri:0, instance:com.saucedemo.tests.TestSortingProductPage@291caca8]" started-at="2025-09-07T18:27:27 IST" name="sortByNameZtoA" finished-at="2025-09-07T18:27:31 IST" duration-ms="3358" status="PASS">
          <reporter-output>
          </reporter-output>
        </test-method> <!-- sortByNameZtoA -->
        <test-method is-config="true" signature="tearDown(org.testng.ITestResult)[pri:0, instance:com.saucedemo.tests.TestSortingProductPage@291caca8]" started-at="2025-09-07T18:27:31 IST" name="tearDown" finished-at="2025-09-07T18:27:33 IST" duration-ms="2524" status="PASS">
          <params>
            <param index="0">
              <value>
                <![CDATA[[TestResult name=sortByNameZtoA status=SUCCESS method=TestSortingProductPage.sortByNameZtoA()[pri:0, instance:com.saucedemo.tests.TestSortingProductPage@291caca8] output={null}]]]>
              </value>
            </param>
          </params>
          <reporter-output>
          </reporter-output>
        </test-method> <!-- tearDown -->
        <test-method is-config="true" signature="setUp(java.lang.String,java.lang.reflect.Method)[pri:0, instance:com.saucedemo.tests.TestSortingProductPage@291caca8]" started-at="2025-09-07T18:27:33 IST" name="setUp" finished-at="2025-09-07T18:27:34 IST" duration-ms="1197" status="PASS">
          <params>
            <param index="0">
              <value>
                <![CDATA[chrome]]>
              </value>
            </param>
            <param index="1">
              <value>
                <![CDATA[public void com.saucedemo.tests.TestSortingProductPage.sortByPriceHighToLow()]]>
              </value>
            </param>
          </params>
          <reporter-output>
          </reporter-output>
        </test-method> <!-- setUp -->
        <test-method signature="sortByPriceHighToLow()[pri:0, instance:com.saucedemo.tests.TestSortingProductPage@291caca8]" started-at="2025-09-07T18:27:34 IST" name="sortByPriceHighToLow" finished-at="2025-09-07T18:27:38 IST" duration-ms="3567" status="PASS">
          <reporter-output>
          </reporter-output>
        </test-method> <!-- sortByPriceHighToLow -->
        <test-method is-config="true" signature="tearDown(org.testng.ITestResult)[pri:0, instance:com.saucedemo.tests.TestSortingProductPage@291caca8]" started-at="2025-09-07T18:27:38 IST" name="tearDown" finished-at="2025-09-07T18:27:39 IST" duration-ms="1264" status="PASS">
          <params>
            <param index="0">
              <value>
                <![CDATA[[TestResult name=sortByPriceHighToLow status=SUCCESS method=TestSortingProductPage.sortByPriceHighToLow()[pri:0, instance:com.saucedemo.tests.TestSortingProductPage@291caca8] output={null}]]]>
              </value>
            </param>
          </params>
          <reporter-output>
          </reporter-output>
        </test-method> <!-- tearDown -->
        <test-method is-config="true" signature="setUp(java.lang.String,java.lang.reflect.Method)[pri:0, instance:com.saucedemo.tests.TestSortingProductPage@291caca8]" started-at="2025-09-07T18:27:39 IST" name="setUp" finished-at="2025-09-07T18:27:40 IST" duration-ms="1171" status="PASS">
          <params>
            <param index="0">
              <value>
                <![CDATA[chrome]]>
              </value>
            </param>
            <param index="1">
              <value>
                <![CDATA[public void com.saucedemo.tests.TestSortingProductPage.sortByPriceLowToHigh()]]>
              </value>
            </param>
          </params>
          <reporter-output>
          </reporter-output>
        </test-method> <!-- setUp -->
        <test-method signature="sortByPriceLowToHigh()[pri:0, instance:com.saucedemo.tests.TestSortingProductPage@291caca8]" started-at="2025-09-07T18:27:40 IST" name="sortByPriceLowToHigh" finished-at="2025-09-07T18:27:44 IST" duration-ms="3298" status="PASS">
          <reporter-output>
          </reporter-output>
        </test-method> <!-- sortByPriceLowToHigh -->
        <test-method is-config="true" signature="tearDown(org.testng.ITestResult)[pri:0, instance:com.saucedemo.tests.TestSortingProductPage@291caca8]" started-at="2025-09-07T18:27:44 IST" name="tearDown" finished-at="2025-09-07T18:27:45 IST" duration-ms="1208" status="PASS">
          <params>
            <param index="0">
              <value>
                <![CDATA[[TestResult name=sortByPriceLowToHigh status=SUCCESS method=TestSortingProductPage.sortByPriceLowToHigh()[pri:0, instance:com.saucedemo.tests.TestSortingProductPage@291caca8] output={null}]]]>
              </value>
            </param>
          </params>
          <reporter-output>
          </reporter-output>
        </test-method> <!-- tearDown -->
      </class> <!-- com.saucedemo.tests.TestSortingProductPage -->
      <class name="com.saucedemo.tests.TestAddToCartPage">
        <test-method is-config="true" signature="setUp(java.lang.String,java.lang.reflect.Method)[pri:0, instance:com.saucedemo.tests.TestAddToCartPage@41a2befb]" started-at="2025-09-07T18:26:30 IST" name="setUp" finished-at="2025-09-07T18:26:32 IST" duration-ms="1157" status="PASS">
          <params>
            <param index="0">
              <value>
                <![CDATA[chrome]]>
              </value>
            </param>
            <param index="1">
              <value>
                <![CDATA[public void com.saucedemo.tests.TestAddToCartPage.addItemUpdatesCartBadge()]]>
              </value>
            </param>
          </params>
          <reporter-output>
          </reporter-output>
        </test-method> <!-- setUp -->
        <test-method is-config="true" signature="loginBeforeEachTest()[pri:0, instance:com.saucedemo.tests.TestAddToCartPage@41a2befb]" started-at="2025-09-07T18:26:32 IST" name="loginBeforeEachTest" finished-at="2025-09-07T18:26:34 IST" duration-ms="2808" status="PASS">
          <reporter-output>
          </reporter-output>
        </test-method> <!-- loginBeforeEachTest -->
        <test-method signature="addItemUpdatesCartBadge()[pri:0, instance:com.saucedemo.tests.TestAddToCartPage@41a2befb]" started-at="2025-09-07T18:26:34 IST" name="addItemUpdatesCartBadge" finished-at="2025-09-07T18:26:34 IST" duration-ms="100" status="PASS">
          <reporter-output>
          </reporter-output>
        </test-method> <!-- addItemUpdatesCartBadge -->
        <test-method is-config="true" signature="tearDown(org.testng.ITestResult)[pri:0, instance:com.saucedemo.tests.TestAddToCartPage@41a2befb]" started-at="2025-09-07T18:26:34 IST" name="tearDown" finished-at="2025-09-07T18:26:37 IST" duration-ms="2627" status="PASS">
          <params>
            <param index="0">
              <value>
                <![CDATA[[TestResult name=addItemUpdatesCartBadge status=SUCCESS method=TestAddToCartPage.addItemUpdatesCartBadge()[pri:0, instance:com.saucedemo.tests.TestAddToCartPage@41a2befb] output={null}]]]>
              </value>
            </param>
          </params>
          <reporter-output>
          </reporter-output>
        </test-method> <!-- tearDown -->
        <test-method is-config="true" signature="setUp(java.lang.String,java.lang.reflect.Method)[pri:0, instance:com.saucedemo.tests.TestAddToCartPage@41a2befb]" started-at="2025-09-07T18:26:37 IST" name="setUp" finished-at="2025-09-07T18:26:38 IST" duration-ms="1048" status="PASS">
          <params>
            <param index="0">
              <value>
                <![CDATA[chrome]]>
              </value>
            </param>
            <param index="1">
              <value>
                <![CDATA[public void com.saucedemo.tests.TestAddToCartPage.cartBadgeAccumulatesItems()]]>
              </value>
            </param>
          </params>
          <reporter-output>
          </reporter-output>
        </test-method> <!-- setUp -->
        <test-method is-config="true" signature="loginBeforeEachTest()[pri:0, instance:com.saucedemo.tests.TestAddToCartPage@41a2befb]" started-at="2025-09-07T18:26:38 IST" name="loginBeforeEachTest" finished-at="2025-09-07T18:26:41 IST" duration-ms="2934" status="PASS">
          <reporter-output>
          </reporter-output>
        </test-method> <!-- loginBeforeEachTest -->
        <test-method signature="cartBadgeAccumulatesItems()[pri:0, instance:com.saucedemo.tests.TestAddToCartPage@41a2befb]" started-at="2025-09-07T18:26:41 IST" name="cartBadgeAccumulatesItems" finished-at="2025-09-07T18:26:41 IST" duration-ms="200" status="PASS">
          <reporter-output>
          </reporter-output>
        </test-method> <!-- cartBadgeAccumulatesItems -->
        <test-method is-config="true" signature="tearDown(org.testng.ITestResult)[pri:0, instance:com.saucedemo.tests.TestAddToCartPage@41a2befb]" started-at="2025-09-07T18:26:41 IST" name="tearDown" finished-at="2025-09-07T18:26:43 IST" duration-ms="2211" status="PASS">
          <params>
            <param index="0">
              <value>
                <![CDATA[[TestResult name=cartBadgeAccumulatesItems status=SUCCESS method=TestAddToCartPage.cartBadgeAccumulatesItems()[pri:0, instance:com.saucedemo.tests.TestAddToCartPage@41a2befb] output={null}]]]>
              </value>
            </param>
          </params>
          <reporter-output>
          </reporter-output>
        </test-method> <!-- tearDown -->
        <test-method is-config="true" signature="setUp(java.lang.String,java.lang.reflect.Method)[pri:0, instance:com.saucedemo.tests.TestAddToCartPage@41a2befb]" started-at="2025-09-07T18:26:43 IST" name="setUp" finished-at="2025-09-07T18:26:44 IST" duration-ms="993" status="PASS">
          <params>
            <param index="0">
              <value>
                <![CDATA[chrome]]>
              </value>
            </param>
            <param index="1">
              <value>
                <![CDATA[public void com.saucedemo.tests.TestAddToCartPage.cartBadgeNotVisibleWhenEmpty()]]>
              </value>
            </param>
          </params>
          <reporter-output>
          </reporter-output>
        </test-method> <!-- setUp -->
        <test-method is-config="true" signature="loginBeforeEachTest()[pri:0, instance:com.saucedemo.tests.TestAddToCartPage@41a2befb]" started-at="2025-09-07T18:26:44 IST" name="loginBeforeEachTest" finished-at="2025-09-07T18:26:47 IST" duration-ms="2775" status="PASS">
          <reporter-output>
          </reporter-output>
        </test-method> <!-- loginBeforeEachTest -->
        <test-method signature="cartBadgeNotVisibleWhenEmpty()[pri:0, instance:com.saucedemo.tests.TestAddToCartPage@41a2befb]" started-at="2025-09-07T18:26:47 IST" name="cartBadgeNotVisibleWhenEmpty" finished-at="2025-09-07T18:26:47 IST" duration-ms="16" status="PASS">
          <reporter-output>
          </reporter-output>
        </test-method> <!-- cartBadgeNotVisibleWhenEmpty -->
        <test-method is-config="true" signature="tearDown(org.testng.ITestResult)[pri:0, instance:com.saucedemo.tests.TestAddToCartPage@41a2befb]" started-at="2025-09-07T18:26:47 IST" name="tearDown" finished-at="2025-09-07T18:26:49 IST" duration-ms="1302" status="PASS">
          <params>
            <param index="0">
              <value>
                <![CDATA[[TestResult name=cartBadgeNotVisibleWhenEmpty status=SUCCESS method=TestAddToCartPage.cartBadgeNotVisibleWhenEmpty()[pri:0, instance:com.saucedemo.tests.TestAddToCartPage@41a2befb] output={null}]]]>
              </value>
            </param>
          </params>
          <reporter-output>
          </reporter-output>
        </test-method> <!-- tearDown -->
        <test-method is-config="true" signature="setUp(java.lang.String,java.lang.reflect.Method)[pri:0, instance:com.saucedemo.tests.TestAddToCartPage@41a2befb]" started-at="2025-09-07T18:26:49 IST" name="setUp" finished-at="2025-09-07T18:26:50 IST" duration-ms="1118" status="PASS">
          <params>
            <param index="0">
              <value>
                <![CDATA[chrome]]>
              </value>
            </param>
            <param index="1">
              <value>
                <![CDATA[public void com.saucedemo.tests.TestAddToCartPage.cartLinkNavigatesToCartPage()]]>
              </value>
            </param>
          </params>
          <reporter-output>
          </reporter-output>
        </test-method> <!-- setUp -->
        <test-method is-config="true" signature="loginBeforeEachTest()[pri:0, instance:com.saucedemo.tests.TestAddToCartPage@41a2befb]" started-at="2025-09-07T18:26:50 IST" name="loginBeforeEachTest" finished-at="2025-09-07T18:26:52 IST" duration-ms="2796" status="PASS">
          <reporter-output>
          </reporter-output>
        </test-method> <!-- loginBeforeEachTest -->
        <test-method signature="cartLinkNavigatesToCartPage()[pri:0, instance:com.saucedemo.tests.TestAddToCartPage@41a2befb]" started-at="2025-09-07T18:26:52 IST" name="cartLinkNavigatesToCartPage" finished-at="2025-09-07T18:26:53 IST" duration-ms="165" status="PASS">
          <reporter-output>
          </reporter-output>
        </test-method> <!-- cartLinkNavigatesToCartPage -->
        <test-method is-config="true" signature="tearDown(org.testng.ITestResult)[pri:0, instance:com.saucedemo.tests.TestAddToCartPage@41a2befb]" started-at="2025-09-07T18:26:53 IST" name="tearDown" finished-at="2025-09-07T18:26:53 IST" duration-ms="855" status="PASS">
          <params>
            <param index="0">
              <value>
                <![CDATA[[TestResult name=cartLinkNavigatesToCartPage status=SUCCESS method=TestAddToCartPage.cartLinkNavigatesToCartPage()[pri:0, instance:com.saucedemo.tests.TestAddToCartPage@41a2befb] output={null}]]]>
              </value>
            </param>
          </params>
          <reporter-output>
          </reporter-output>
        </test-method> <!-- tearDown -->
        <test-method is-config="true" signature="setUp(java.lang.String,java.lang.reflect.Method)[pri:0, instance:com.saucedemo.tests.TestAddToCartPage@41a2befb]" started-at="2025-09-07T18:26:53 IST" name="setUp" finished-at="2025-09-07T18:26:55 IST" duration-ms="1018" status="PASS">
          <params>
            <param index="0">
              <value>
                <![CDATA[chrome]]>
              </value>
            </param>
            <param index="1">
              <value>
                <![CDATA[public void com.saucedemo.tests.TestAddToCartPage.removeItemUpdatesCartBadgeToZero()]]>
              </value>
            </param>
          </params>
          <reporter-output>
          </reporter-output>
        </test-method> <!-- setUp -->
        <test-method is-config="true" signature="loginBeforeEachTest()[pri:0, instance:com.saucedemo.tests.TestAddToCartPage@41a2befb]" started-at="2025-09-07T18:26:55 IST" name="loginBeforeEachTest" finished-at="2025-09-07T18:26:57 IST" duration-ms="2601" status="PASS">
          <reporter-output>
          </reporter-output>
        </test-method> <!-- loginBeforeEachTest -->
        <test-method signature="removeItemUpdatesCartBadgeToZero()[pri:0, instance:com.saucedemo.tests.TestAddToCartPage@41a2befb]" started-at="2025-09-07T18:26:57 IST" name="removeItemUpdatesCartBadgeToZero" finished-at="2025-09-07T18:26:57 IST" duration-ms="169" status="PASS">
          <reporter-output>
          </reporter-output>
        </test-method> <!-- removeItemUpdatesCartBadgeToZero -->
        <test-method is-config="true" signature="tearDown(org.testng.ITestResult)[pri:0, instance:com.saucedemo.tests.TestAddToCartPage@41a2befb]" started-at="2025-09-07T18:26:57 IST" name="tearDown" finished-at="2025-09-07T18:26:59 IST" duration-ms="2197" status="PASS">
          <params>
            <param index="0">
              <value>
                <![CDATA[[TestResult name=removeItemUpdatesCartBadgeToZero status=SUCCESS method=TestAddToCartPage.removeItemUpdatesCartBadgeToZero()[pri:0, instance:com.saucedemo.tests.TestAddToCartPage@41a2befb] output={null}]]]>
              </value>
            </param>
          </params>
          <reporter-output>
          </reporter-output>
        </test-method> <!-- tearDown -->
      </class> <!-- com.saucedemo.tests.TestAddToCartPage -->
      <class name="com.saucedemo.tests.TestCartBadgeCountValidationPage">
        <test-method is-config="true" signature="setUp(java.lang.String,java.lang.reflect.Method)[pri:0, instance:com.saucedemo.tests.TestCartBadgeCountValidationPage@5b94b04d]" started-at="2025-09-07T18:27:52 IST" name="setUp" finished-at="2025-09-07T18:27:54 IST" duration-ms="1168" status="PASS">
          <params>
            <param index="0">
              <value>
                <![CDATA[chrome]]>
              </value>
            </param>
            <param index="1">
              <value>
                <![CDATA[public void com.saucedemo.tests.TestCartBadgeCountValidationPage.badgeIncrementsWhenAddingItems()]]>
              </value>
            </param>
          </params>
          <reporter-output>
          </reporter-output>
        </test-method> <!-- setUp -->
        <test-method is-config="true" signature="loginAndSetup()[pri:0, instance:com.saucedemo.tests.TestCartBadgeCountValidationPage@5b94b04d]" started-at="2025-09-07T18:27:54 IST" name="loginAndSetup" finished-at="2025-09-07T18:27:58 IST" duration-ms="4157" status="PASS">
          <reporter-output>
          </reporter-output>
        </test-method> <!-- loginAndSetup -->
        <test-method signature="badgeIncrementsWhenAddingItems()[pri:0, instance:com.saucedemo.tests.TestCartBadgeCountValidationPage@5b94b04d]" started-at="2025-09-07T18:27:58 IST" name="badgeIncrementsWhenAddingItems" finished-at="2025-09-07T18:27:58 IST" duration-ms="292" status="PASS">
          <reporter-output>
          </reporter-output>
        </test-method> <!-- badgeIncrementsWhenAddingItems -->
        <test-method is-config="true" signature="tearDown(org.testng.ITestResult)[pri:0, instance:com.saucedemo.tests.TestCartBadgeCountValidationPage@5b94b04d]" started-at="2025-09-07T18:27:58 IST" name="tearDown" finished-at="2025-09-07T18:28:01 IST" duration-ms="2611" status="PASS">
          <params>
            <param index="0">
              <value>
                <![CDATA[[TestResult name=badgeIncrementsWhenAddingItems status=SUCCESS method=TestCartBadgeCountValidationPage.badgeIncrementsWhenAddingItems()[pri:0, instance:com.saucedemo.tests.TestCartBadgeCountValidationPage@5b94b04d] output={null}]]]>
              </value>
            </param>
          </params>
          <reporter-output>
          </reporter-output>
        </test-method> <!-- tearDown -->
        <test-method is-config="true" signature="setUp(java.lang.String,java.lang.reflect.Method)[pri:0, instance:com.saucedemo.tests.TestCartBadgeCountValidationPage@5b94b04d]" started-at="2025-09-07T18:28:01 IST" name="setUp" finished-at="2025-09-07T18:28:02 IST" duration-ms="1173" status="PASS">
          <params>
            <param index="0">
              <value>
                <![CDATA[chrome]]>
              </value>
            </param>
            <param index="1">
              <value>
                <![CDATA[public void com.saucedemo.tests.TestCartBadgeCountValidationPage.badgeShowsTwoWhenAddingTwoItems()]]>
              </value>
            </param>
          </params>
          <reporter-output>
          </reporter-output>
        </test-method> <!-- setUp -->
        <test-method is-config="true" signature="loginAndSetup()[pri:0, instance:com.saucedemo.tests.TestCartBadgeCountValidationPage@5b94b04d]" started-at="2025-09-07T18:28:02 IST" name="loginAndSetup" finished-at="2025-09-07T18:28:05 IST" duration-ms="3276" status="PASS">
          <reporter-output>
          </reporter-output>
        </test-method> <!-- loginAndSetup -->
        <test-method signature="badgeShowsTwoWhenAddingTwoItems()[pri:0, instance:com.saucedemo.tests.TestCartBadgeCountValidationPage@5b94b04d]" started-at="2025-09-07T18:28:05 IST" name="badgeShowsTwoWhenAddingTwoItems" finished-at="2025-09-07T18:28:05 IST" duration-ms="251" status="PASS">
          <reporter-output>
          </reporter-output>
        </test-method> <!-- badgeShowsTwoWhenAddingTwoItems -->
        <test-method is-config="true" signature="tearDown(org.testng.ITestResult)[pri:0, instance:com.saucedemo.tests.TestCartBadgeCountValidationPage@5b94b04d]" started-at="2025-09-07T18:28:05 IST" name="tearDown" finished-at="2025-09-07T18:28:10 IST" duration-ms="4248" status="PASS">
          <params>
            <param index="0">
              <value>
                <![CDATA[[TestResult name=badgeShowsTwoWhenAddingTwoItems status=SUCCESS method=TestCartBadgeCountValidationPage.badgeShowsTwoWhenAddingTwoItems()[pri:0, instance:com.saucedemo.tests.TestCartBadgeCountValidationPage@5b94b04d] output={null}]]]>
              </value>
            </param>
          </params>
          <reporter-output>
          </reporter-output>
        </test-method> <!-- tearDown -->
        <test-method is-config="true" signature="setUp(java.lang.String,java.lang.reflect.Method)[pri:0, instance:com.saucedemo.tests.TestCartBadgeCountValidationPage@5b94b04d]" started-at="2025-09-07T18:28:10 IST" name="setUp" finished-at="2025-09-07T18:28:11 IST" duration-ms="1068" status="PASS">
          <params>
            <param index="0">
              <value>
                <![CDATA[chrome]]>
              </value>
            </param>
            <param index="1">
              <value>
                <![CDATA[public void com.saucedemo.tests.TestCartBadgeCountValidationPage.badgeUpdatesAfterRemovingItem()]]>
              </value>
            </param>
          </params>
          <reporter-output>
          </reporter-output>
        </test-method> <!-- setUp -->
        <test-method is-config="true" signature="loginAndSetup()[pri:0, instance:com.saucedemo.tests.TestCartBadgeCountValidationPage@5b94b04d]" started-at="2025-09-07T18:28:11 IST" name="loginAndSetup" finished-at="2025-09-07T18:28:14 IST" duration-ms="3792" status="PASS">
          <reporter-output>
          </reporter-output>
        </test-method> <!-- loginAndSetup -->
        <test-method signature="badgeUpdatesAfterRemovingItem()[pri:0, instance:com.saucedemo.tests.TestCartBadgeCountValidationPage@5b94b04d]" started-at="2025-09-07T18:28:14 IST" name="badgeUpdatesAfterRemovingItem" finished-at="2025-09-07T18:28:15 IST" duration-ms="268" status="PASS">
          <reporter-output>
          </reporter-output>
        </test-method> <!-- badgeUpdatesAfterRemovingItem -->
        <test-method is-config="true" signature="tearDown(org.testng.ITestResult)[pri:0, instance:com.saucedemo.tests.TestCartBadgeCountValidationPage@5b94b04d]" started-at="2025-09-07T18:28:15 IST" name="tearDown" finished-at="2025-09-07T18:28:16 IST" duration-ms="906" status="PASS">
          <params>
            <param index="0">
              <value>
                <![CDATA[[TestResult name=badgeUpdatesAfterRemovingItem status=SUCCESS method=TestCartBadgeCountValidationPage.badgeUpdatesAfterRemovingItem()[pri:0, instance:com.saucedemo.tests.TestCartBadgeCountValidationPage@5b94b04d] output={null}]]]>
              </value>
            </param>
          </params>
          <reporter-output>
          </reporter-output>
        </test-method> <!-- tearDown -->
      </class> <!-- com.saucedemo.tests.TestCartBadgeCountValidationPage -->
      <class name="com.saucedemo.tests.BaseTest">
        <test-method is-config="true" signature="beforeSuite()[pri:0, instance:com.saucedemo.tests.BaseTest@2925bf5b]" started-at="2025-09-07T18:25:47 IST" name="beforeSuite" finished-at="2025-09-07T18:25:48 IST" duration-ms="367" status="PASS">
          <reporter-output>
          </reporter-output>
        </test-method> <!-- beforeSuite -->
        <test-method is-config="true" signature="afterSuite()[pri:0, instance:com.saucedemo.tests.BaseTest@2925bf5b]" started-at="2025-09-07T18:28:16 IST" name="afterSuite" finished-at="2025-09-07T18:28:16 IST" duration-ms="392" status="PASS">
          <reporter-output>
          </reporter-output>
        </test-method> <!-- afterSuite -->
      </class> <!-- com.saucedemo.tests.BaseTest -->
      <class name="com.saucedemo.tests.TestCheckoutPage">
        <test-method is-config="true" signature="setUp(java.lang.String,java.lang.reflect.Method)[pri:0, instance:com.saucedemo.tests.TestCheckoutPage@399c4be1]" started-at="2025-09-07T18:26:59 IST" name="setUp" finished-at="2025-09-07T18:27:01 IST" duration-ms="1034" status="PASS">
          <params>
            <param index="0">
              <value>
                <![CDATA[chrome]]>
              </value>
            </param>
            <param index="1">
              <value>
                <![CDATA[public void com.saucedemo.tests.TestCheckoutPage.cancelCheckoutShouldReturnToCart()]]>
              </value>
            </param>
          </params>
          <reporter-output>
          </reporter-output>
        </test-method> <!-- setUp -->
        <test-method signature="cancelCheckoutShouldReturnToCart()[pri:0, instance:com.saucedemo.tests.TestCheckoutPage@399c4be1]" started-at="2025-09-07T18:27:01 IST" name="cancelCheckoutShouldReturnToCart" finished-at="2025-09-07T18:27:04 IST" duration-ms="3491" status="PASS">
          <reporter-output>
          </reporter-output>
        </test-method> <!-- cancelCheckoutShouldReturnToCart -->
        <test-method is-config="true" signature="tearDown(org.testng.ITestResult)[pri:0, instance:com.saucedemo.tests.TestCheckoutPage@399c4be1]" started-at="2025-09-07T18:27:04 IST" name="tearDown" finished-at="2025-09-07T18:27:05 IST" duration-ms="739" status="PASS">
          <params>
            <param index="0">
              <value>
                <![CDATA[[TestResult name=cancelCheckoutShouldReturnToCart status=SUCCESS method=TestCheckoutPage.cancelCheckoutShouldReturnToCart()[pri:0, instance:com.saucedemo.tests.TestCheckoutPage@399c4be1] output={null}]]]>
              </value>
            </param>
          </params>
          <reporter-output>
          </reporter-output>
        </test-method> <!-- tearDown -->
        <test-method is-config="true" signature="setUp(java.lang.String,java.lang.reflect.Method)[pri:0, instance:com.saucedemo.tests.TestCheckoutPage@399c4be1]" started-at="2025-09-07T18:27:05 IST" name="setUp" finished-at="2025-09-07T18:27:06 IST" duration-ms="1098" status="PASS">
          <params>
            <param index="0">
              <value>
                <![CDATA[chrome]]>
              </value>
            </param>
            <param index="1">
              <value>
                <![CDATA[public void com.saucedemo.tests.TestCheckoutPage.cannotCheckoutWithEmptyCart()]]>
              </value>
            </param>
          </params>
          <reporter-output>
          </reporter-output>
        </test-method> <!-- setUp -->
        <test-method signature="cannotCheckoutWithEmptyCart()[pri:0, instance:com.saucedemo.tests.TestCheckoutPage@399c4be1]" started-at="2025-09-07T18:27:06 IST" name="cannotCheckoutWithEmptyCart" finished-at="2025-09-07T18:27:10 IST" duration-ms="3728" status="PASS">
          <reporter-output>
          </reporter-output>
        </test-method> <!-- cannotCheckoutWithEmptyCart -->
        <test-method is-config="true" signature="tearDown(org.testng.ITestResult)[pri:0, instance:com.saucedemo.tests.TestCheckoutPage@399c4be1]" started-at="2025-09-07T18:27:10 IST" name="tearDown" finished-at="2025-09-07T18:27:10 IST" duration-ms="675" status="PASS">
          <params>
            <param index="0">
              <value>
                <![CDATA[[TestResult name=cannotCheckoutWithEmptyCart status=SUCCESS method=TestCheckoutPage.cannotCheckoutWithEmptyCart()[pri:0, instance:com.saucedemo.tests.TestCheckoutPage@399c4be1] output={null}]]]>
              </value>
            </param>
          </params>
          <reporter-output>
          </reporter-output>
        </test-method> <!-- tearDown -->
        <test-method is-config="true" signature="setUp(java.lang.String,java.lang.reflect.Method)[pri:0, instance:com.saucedemo.tests.TestCheckoutPage@399c4be1]" started-at="2025-09-07T18:27:10 IST" name="setUp" finished-at="2025-09-07T18:27:11 IST" duration-ms="1084" status="PASS">
          <params>
            <param index="0">
              <value>
                <![CDATA[chrome]]>
              </value>
            </param>
            <param index="1">
              <value>
                <![CDATA[public void com.saucedemo.tests.TestCheckoutPage.checkoutShowsCorrectConfirmationMessage()]]>
              </value>
            </param>
          </params>
          <reporter-output>
          </reporter-output>
        </test-method> <!-- setUp -->
        <test-method signature="checkoutShowsCorrectConfirmationMessage()[pri:0, instance:com.saucedemo.tests.TestCheckoutPage@399c4be1]" started-at="2025-09-07T18:27:11 IST" name="checkoutShowsCorrectConfirmationMessage" finished-at="2025-09-07T18:27:15 IST" duration-ms="3438" status="PASS">
          <reporter-output>
          </reporter-output>
        </test-method> <!-- checkoutShowsCorrectConfirmationMessage -->
        <test-method is-config="true" signature="tearDown(org.testng.ITestResult)[pri:0, instance:com.saucedemo.tests.TestCheckoutPage@399c4be1]" started-at="2025-09-07T18:27:15 IST" name="tearDown" finished-at="2025-09-07T18:27:15 IST" duration-ms="605" status="PASS">
          <params>
            <param index="0">
              <value>
                <![CDATA[[TestResult name=checkoutShowsCorrectConfirmationMessage status=SUCCESS method=TestCheckoutPage.checkoutShowsCorrectConfirmationMessage()[pri:0, instance:com.saucedemo.tests.TestCheckoutPage@399c4be1] output={null}]]]>
              </value>
            </param>
          </params>
          <reporter-output>
          </reporter-output>
        </test-method> <!-- tearDown -->
        <test-method is-config="true" signature="setUp(java.lang.String,java.lang.reflect.Method)[pri:0, instance:com.saucedemo.tests.TestCheckoutPage@399c4be1]" started-at="2025-09-07T18:27:15 IST" name="setUp" finished-at="2025-09-07T18:27:16 IST" duration-ms="1064" status="PASS">
          <params>
            <param index="0">
              <value>
                <![CDATA[chrome]]>
              </value>
            </param>
            <param index="1">
              <value>
                <![CDATA[public void com.saucedemo.tests.TestCheckoutPage.completeCheckoutFlow()]]>
              </value>
            </param>
          </params>
          <reporter-output>
          </reporter-output>
        </test-method> <!-- setUp -->
        <test-method signature="completeCheckoutFlow()[pri:0, instance:com.saucedemo.tests.TestCheckoutPage@399c4be1]" started-at="2025-09-07T18:27:16 IST" name="completeCheckoutFlow" finished-at="2025-09-07T18:27:19 IST" duration-ms="2968" status="PASS">
          <reporter-output>
          </reporter-output>
        </test-method> <!-- completeCheckoutFlow -->
        <test-method is-config="true" signature="tearDown(org.testng.ITestResult)[pri:0, instance:com.saucedemo.tests.TestCheckoutPage@399c4be1]" started-at="2025-09-07T18:27:19 IST" name="tearDown" finished-at="2025-09-07T18:27:20 IST" duration-ms="625" status="PASS">
          <params>
            <param index="0">
              <value>
                <![CDATA[[TestResult name=completeCheckoutFlow status=SUCCESS method=TestCheckoutPage.completeCheckoutFlow()[pri:0, instance:com.saucedemo.tests.TestCheckoutPage@399c4be1] output={null}]]]>
              </value>
            </param>
          </params>
          <reporter-output>
          </reporter-output>
        </test-method> <!-- tearDown -->
      </class> <!-- com.saucedemo.tests.TestCheckoutPage -->
      <class name="com.saucedemo.tests.TestHomePage">
        <test-method is-config="true" signature="setUp(java.lang.String,java.lang.reflect.Method)[pri:0, instance:com.saucedemo.tests.TestHomePage@77f1baf5]" started-at="2025-09-07T18:26:24 IST" name="setUp" finished-at="2025-09-07T18:26:26 IST" duration-ms="1122" status="PASS">
          <params>
            <param index="0">
              <value>
                <![CDATA[chrome]]>
              </value>
            </param>
            <param index="1">
              <value>
                <![CDATA[public void com.saucedemo.tests.TestHomePage.headerVisibleAfterLogin()]]>
              </value>
            </param>
          </params>
          <reporter-output>
          </reporter-output>
        </test-method> <!-- setUp -->
        <test-method signature="headerVisibleAfterLogin()[pri:0, instance:com.saucedemo.tests.TestHomePage@77f1baf5]" started-at="2025-09-07T18:26:26 IST" name="headerVisibleAfterLogin" finished-at="2025-09-07T18:26:28 IST" duration-ms="2526" status="PASS">
          <reporter-output>
          </reporter-output>
        </test-method> <!-- headerVisibleAfterLogin -->
        <test-method is-config="true" signature="tearDown(org.testng.ITestResult)[pri:0, instance:com.saucedemo.tests.TestHomePage@77f1baf5]" started-at="2025-09-07T18:26:28 IST" name="tearDown" finished-at="2025-09-07T18:26:30 IST" duration-ms="2240" status="PASS">
          <params>
            <param index="0">
              <value>
                <![CDATA[[TestResult name=headerVisibleAfterLogin status=SUCCESS method=TestHomePage.headerVisibleAfterLogin()[pri:0, instance:com.saucedemo.tests.TestHomePage@77f1baf5] output={null}]]]>
              </value>
            </param>
          </params>
          <reporter-output>
          </reporter-output>
        </test-method> <!-- tearDown -->
      </class> <!-- com.saucedemo.tests.TestHomePage -->
      <class name="com.saucedemo.tests.TestLogoutPage">
        <test-method is-config="true" signature="setUp(java.lang.String,java.lang.reflect.Method)[pri:0, instance:com.saucedemo.tests.TestLogoutPage@385e9564]" started-at="2025-09-07T18:27:45 IST" name="setUp" finished-at="2025-09-07T18:27:46 IST" duration-ms="1165" status="PASS">
          <params>
            <param index="0">
              <value>
                <![CDATA[chrome]]>
              </value>
            </param>
            <param index="1">
              <value>
                <![CDATA[public void com.saucedemo.tests.TestLogoutPage.logoutWorks() throws java.lang.InterruptedException]]>
              </value>
            </param>
          </params>
          <reporter-output>
          </reporter-output>
        </test-method> <!-- setUp -->
        <test-method signature="logoutWorks()[pri:0, instance:com.saucedemo.tests.TestLogoutPage@385e9564]" started-at="2025-09-07T18:27:46 IST" name="logoutWorks" finished-at="2025-09-07T18:27:51 IST" duration-ms="4556" status="PASS">
          <reporter-output>
          </reporter-output>
        </test-method> <!-- logoutWorks -->
        <test-method is-config="true" signature="tearDown(org.testng.ITestResult)[pri:0, instance:com.saucedemo.tests.TestLogoutPage@385e9564]" started-at="2025-09-07T18:27:51 IST" name="tearDown" finished-at="2025-09-07T18:27:52 IST" duration-ms="1800" status="PASS">
          <params>
            <param index="0">
              <value>
                <![CDATA[[TestResult name=logoutWorks status=SUCCESS method=TestLogoutPage.logoutWorks()[pri:0, instance:com.saucedemo.tests.TestLogoutPage@385e9564] output={null}]]]>
              </value>
            </param>
          </params>
          <reporter-output>
          </reporter-output>
        </test-method> <!-- tearDown -->
      </class> <!-- com.saucedemo.tests.TestLogoutPage -->
      <class name="com.saucedemo.tests.LoginPageTest">
        <test-method is-config="true" signature="setUp(java.lang.String,java.lang.reflect.Method)[pri:0, instance:com.saucedemo.tests.LoginPageTest@7d20d0b]" started-at="2025-09-07T18:25:48 IST" name="setUp" finished-at="2025-09-07T18:25:50 IST" duration-ms="2060" status="PASS">
          <params>
            <param index="0">
              <value>
                <![CDATA[chrome]]>
              </value>
            </param>
            <param index="1">
              <value>
                <![CDATA[public void com.saucedemo.tests.LoginPageTest.allValidUsersShouldLoginSuccessfully()]]>
              </value>
            </param>
          </params>
          <reporter-output>
          </reporter-output>
        </test-method> <!-- setUp -->
        <test-method signature="allValidUsersShouldLoginSuccessfully()[pri:0, instance:com.saucedemo.tests.LoginPageTest@7d20d0b]" started-at="2025-09-07T18:25:50 IST" name="allValidUsersShouldLoginSuccessfully" finished-at="2025-09-07T18:26:03 IST" duration-ms="12867" status="PASS">
          <reporter-output>
          </reporter-output>
        </test-method> <!-- allValidUsersShouldLoginSuccessfully -->
        <test-method is-config="true" signature="tearDown(org.testng.ITestResult)[pri:0, instance:com.saucedemo.tests.LoginPageTest@7d20d0b]" started-at="2025-09-07T18:26:03 IST" name="tearDown" finished-at="2025-09-07T18:26:03 IST" duration-ms="846" status="PASS">
          <params>
            <param index="0">
              <value>
                <![CDATA[[TestResult name=allValidUsersShouldLoginSuccessfully status=SUCCESS method=LoginPageTest.allValidUsersShouldLoginSuccessfully()[pri:0, instance:com.saucedemo.tests.LoginPageTest@7d20d0b] output={null}]]]>
              </value>
            </param>
          </params>
          <reporter-output>
          </reporter-output>
        </test-method> <!-- tearDown -->
        <test-method is-config="true" signature="setUp(java.lang.String,java.lang.reflect.Method)[pri:0, instance:com.saucedemo.tests.LoginPageTest@7d20d0b]" started-at="2025-09-07T18:26:03 IST" name="setUp" finished-at="2025-09-07T18:26:05 IST" duration-ms="1128" status="PASS">
          <params>
            <param index="0">
              <value>
                <![CDATA[chrome]]>
              </value>
            </param>
            <param index="1">
              <value>
                <![CDATA[public void com.saucedemo.tests.LoginPageTest.invalidUserShowsError()]]>
              </value>
            </param>
          </params>
          <reporter-output>
          </reporter-output>
        </test-method> <!-- setUp -->
        <test-method signature="invalidUserShowsError()[pri:0, instance:com.saucedemo.tests.LoginPageTest@7d20d0b]" started-at="2025-09-07T18:26:05 IST" name="invalidUserShowsError" finished-at="2025-09-07T18:26:08 IST" duration-ms="3338" status="PASS">
          <reporter-output>
          </reporter-output>
        </test-method> <!-- invalidUserShowsError -->
        <test-method is-config="true" signature="tearDown(org.testng.ITestResult)[pri:0, instance:com.saucedemo.tests.LoginPageTest@7d20d0b]" started-at="2025-09-07T18:26:08 IST" name="tearDown" finished-at="2025-09-07T18:26:09 IST" duration-ms="743" status="PASS">
          <params>
            <param index="0">
              <value>
                <![CDATA[[TestResult name=invalidUserShowsError status=SUCCESS method=LoginPageTest.invalidUserShowsError()[pri:0, instance:com.saucedemo.tests.LoginPageTest@7d20d0b] output={null}]]]>
              </value>
            </param>
          </params>
          <reporter-output>
          </reporter-output>
        </test-method> <!-- tearDown -->
        <test-method is-config="true" signature="setUp(java.lang.String,java.lang.reflect.Method)[pri:0, instance:com.saucedemo.tests.LoginPageTest@7d20d0b]" started-at="2025-09-07T18:26:09 IST" name="setUp" finished-at="2025-09-07T18:26:10 IST" duration-ms="1056" status="PASS">
          <params>
            <param index="0">
              <value>
                <![CDATA[chrome]]>
              </value>
            </param>
            <param index="1">
              <value>
                <![CDATA[public void com.saucedemo.tests.LoginPageTest.lockedOutUserShowsError()]]>
              </value>
            </param>
          </params>
          <reporter-output>
          </reporter-output>
        </test-method> <!-- setUp -->
        <test-method signature="lockedOutUserShowsError()[pri:0, instance:com.saucedemo.tests.LoginPageTest@7d20d0b]" started-at="2025-09-07T18:26:10 IST" name="lockedOutUserShowsError" finished-at="2025-09-07T18:26:13 IST" duration-ms="3249" status="PASS">
          <reporter-output>
          </reporter-output>
        </test-method> <!-- lockedOutUserShowsError -->
        <test-method is-config="true" signature="tearDown(org.testng.ITestResult)[pri:0, instance:com.saucedemo.tests.LoginPageTest@7d20d0b]" started-at="2025-09-07T18:26:13 IST" name="tearDown" finished-at="2025-09-07T18:26:14 IST" duration-ms="813" status="PASS">
          <params>
            <param index="0">
              <value>
                <![CDATA[[TestResult name=lockedOutUserShowsError status=SUCCESS method=LoginPageTest.lockedOutUserShowsError()[pri:0, instance:com.saucedemo.tests.LoginPageTest@7d20d0b] output={null}]]]>
              </value>
            </param>
          </params>
          <reporter-output>
          </reporter-output>
        </test-method> <!-- tearDown -->
        <test-method is-config="true" signature="setUp(java.lang.String,java.lang.reflect.Method)[pri:0, instance:com.saucedemo.tests.LoginPageTest@7d20d0b]" started-at="2025-09-07T18:26:14 IST" name="setUp" finished-at="2025-09-07T18:26:15 IST" duration-ms="1060" status="PASS">
          <params>
            <param index="0">
              <value>
                <![CDATA[chrome]]>
              </value>
            </param>
            <param index="1">
              <value>
                <![CDATA[public void com.saucedemo.tests.LoginPageTest.testUsernameOrPasswordRequiredErrors()]]>
              </value>
            </param>
          </params>
          <reporter-output>
          </reporter-output>
        </test-method> <!-- setUp -->
        <test-method signature="testUsernameOrPasswordRequiredErrors()[pri:0, instance:com.saucedemo.tests.LoginPageTest@7d20d0b]" started-at="2025-09-07T18:26:15 IST" name="testUsernameOrPasswordRequiredErrors" finished-at="2025-09-07T18:26:18 IST" duration-ms="3135" status="PASS">
          <reporter-output>
          </reporter-output>
        </test-method> <!-- testUsernameOrPasswordRequiredErrors -->
        <test-method is-config="true" signature="tearDown(org.testng.ITestResult)[pri:0, instance:com.saucedemo.tests.LoginPageTest@7d20d0b]" started-at="2025-09-07T18:26:18 IST" name="tearDown" finished-at="2025-09-07T18:26:19 IST" duration-ms="1508" status="PASS">
          <params>
            <param index="0">
              <value>
                <![CDATA[[TestResult name=testUsernameOrPasswordRequiredErrors status=SUCCESS method=LoginPageTest.testUsernameOrPasswordRequiredErrors()[pri:0, instance:com.saucedemo.tests.LoginPageTest@7d20d0b] output={null}]]]>
              </value>
            </param>
          </params>
          <reporter-output>
          </reporter-output>
        </test-method> <!-- tearDown -->
        <test-method is-config="true" signature="setUp(java.lang.String,java.lang.reflect.Method)[pri:0, instance:com.saucedemo.tests.LoginPageTest@7d20d0b]" started-at="2025-09-07T18:26:19 IST" name="setUp" finished-at="2025-09-07T18:26:20 IST" duration-ms="995" status="PASS">
          <params>
            <param index="0">
              <value>
                <![CDATA[chrome]]>
              </value>
            </param>
            <param index="1">
              <value>
                <![CDATA[public void com.saucedemo.tests.LoginPageTest.validLogin()]]>
              </value>
            </param>
          </params>
          <reporter-output>
          </reporter-output>
        </test-method> <!-- setUp -->
        <test-method signature="validLogin()[pri:0, instance:com.saucedemo.tests.LoginPageTest@7d20d0b]" started-at="2025-09-07T18:26:20 IST" name="validLogin" finished-at="2025-09-07T18:26:23 IST" duration-ms="2706" status="PASS">
          <reporter-output>
          </reporter-output>
        </test-method> <!-- validLogin -->
        <test-method is-config="true" signature="tearDown(org.testng.ITestResult)[pri:0, instance:com.saucedemo.tests.LoginPageTest@7d20d0b]" started-at="2025-09-07T18:26:23 IST" name="tearDown" finished-at="2025-09-07T18:26:24 IST" duration-ms="1322" status="PASS">
          <params>
            <param index="0">
              <value>
                <![CDATA[[TestResult name=validLogin status=SUCCESS method=LoginPageTest.validLogin()[pri:0, instance:com.saucedemo.tests.LoginPageTest@7d20d0b] output={null}]]]>
              </value>
            </param>
          </params>
          <reporter-output>
          </reporter-output>
        </test-method> <!-- tearDown -->
      </class> <!-- com.saucedemo.tests.LoginPageTest -->
    </test> <!-- UI Tests -->
  </suite> <!-- SauceDemo Test Suite -->
</testng-results>
